<?xml version="1.0" encoding="UTF-8" ?>
<testsuite tests="2" failures="2" name="KaskoMaven.VoziloServiceTest" time="0.326" errors="0" skipped="0">
  <properties>
[...]
</properties>
  <testcase classname="KaskoMaven.VoziloServiceTest" name="test" time="0.162">
    <failure type="java.lang.AssertionError">java.lang.AssertionError
	at org.junit.Assert.fail(Assert.java:86)
	at org.junit.Assert.assertTrue(Assert.java:41)
	at org.junit.Assert.assertNotNull(Assert.java:621)
	at org.junit.Assert.assertNotNull(Assert.java:631)
	at KaskoMaven.VoziloServiceTest.nakonTesta(VoziloServiceTest.java:38)
	at sun.reflect.NativeMethodAccessorImpl.invoke0(Native Method)
	at sun.reflect.NativeMethodAccessorImpl.invoke(NativeMethodAccessorImpl.java:62)
	at sun.reflect.DelegatingMethodAccessorImpl.invoke(DelegatingMethodAccessorImpl.java:43)
	at java.lang.reflect.Method.invoke(Method.java:498)
	at org.junit.runners.model.FrameworkMethod$1.runReflectiveCall(FrameworkMethod.java:47)
	at org.junit.internal.runners.model.ReflectiveCallable.run(ReflectiveCallable.java:12)
	at org.junit.runners.model.FrameworkMethod.invokeExplosively(FrameworkMethod.java:44)
	at org.junit.internal.runners.statements.RunAfters.evaluate(RunAfters.java:33)
	at org.junit.runners.ParentRunner.runLeaf(ParentRunner.java:271)
	at org.junit.runners.BlockJUnit4ClassRunner.runChild(BlockJUnit4ClassRunner.java:70)
	at org.junit.runners.BlockJUnit4ClassRunner.runChild(BlockJUnit4ClassRunner.java:50)
	at org.junit.runners.ParentRunner$3.run(ParentRunner.java:238)
	at org.junit.runners.ParentRunner$1.schedule(ParentRunner.java:63)
	at org.junit.runners.ParentRunner.runChildren(ParentRunner.java:236)
	at org.junit.runners.ParentRunner.access$000(ParentRunner.java:53)
	at org.junit.runners.ParentRunner$2.evaluate(ParentRunner.java:229)
	at org.junit.internal.runners.statements.RunBefores.evaluate(RunBefores.java:26)
	at org.junit.internal.runners.statements.RunAfters.evaluate(RunAfters.java:27)
	at org.junit.runners.ParentRunner.run(ParentRunner.java:309)
	at org.apache.maven.surefire.junit4.JUnit4Provider.execute(JUnit4Provider.java:252)
	at org.apache.maven.surefire.junit4.JUnit4Provider.executeTestSet(JUnit4Provider.java:141)
	at org.apache.maven.surefire.junit4.JUnit4Provider.invoke(JUnit4Provider.java:112)
	at sun.reflect.NativeMethodAccessorImpl.invoke0(Native Method)
	at sun.reflect.NativeMethodAccessorImpl.invoke(NativeMethodAccessorImpl.java:62)
	at sun.reflect.DelegatingMethodAccessorImpl.invoke(DelegatingMethodAccessorImpl.java:43)
	at java.lang.reflect.Method.invoke(Method.java:498)
	at org.apache.maven.surefire.util.ReflectionUtils.invokeMethodWithArray(ReflectionUtils.java:189)
	at org.apache.maven.surefire.booter.ProviderFactory$ProviderProxy.invoke(ProviderFactory.java:165)
	at org.apache.maven.surefire.booter.ProviderFactory.invokeProvider(ProviderFactory.java:85)
	at org.apache.maven.surefire.booter.ForkedBooter.runSuitesInProcess(ForkedBooter.java:115)
	at org.apache.maven.surefire.booter.ForkedBooter.main(ForkedBooter.java:75)
</failure>
    <system-out>Hibernate: 
    select
        osiguranje0_.id as id1_1_,
        osiguranje0_.korisnik_JMBG as korisnik2_1_,
        osiguranje0_.KorisnikPlatio as Korisnik3_1_ 
    from
        osiguranjevozila osiguranje0_ 
    where
        osiguranje0_.korisnik_JMBG=555555
Hibernate: 
    delete 
    from
        osiguranjevozila 
    where
        id=?
OsiguranjeService(Okoncavanje): Osiguranje uspesno obrisano!
Hibernate: 
    select
        vozilo0_.id as id1_2_,
        vozilo0_.Jacina as Jacina2_2_,
        vozilo0_.Korisnik_JMBG as Korisnik3_2_,
        vozilo0_.Kubikaza as Kubikaza4_2_,
        vozilo0_.ModelVozila as ModelVoz5_2_,
        vozilo0_.osigurano as osiguran6_2_ 
    from
        vozilo vozilo0_ 
    where
        vozilo0_.id=33333
Hibernate: 
    delete 
    from
        vozilo 
    where
        id=?
Hibernate: 
    select
        korisnik0_.JMBG as JMBG1_0_,
        korisnik0_.BrojTelefona as BrojTele2_0_,
        korisnik0_.email as email3_0_,
        korisnik0_.Ime as Ime4_0_,
        korisnik0_.Prezime as Prezime5_0_ 
    from
        korisnik korisnik0_ 
    where
        korisnik0_.JMBG=555555
Hibernate: 
    delete 
    from
        korisnik 
    where
        JMBG=?
VoziloService(Inicijalizacija): Inicijalizacija uspesna!
Hibernate: 
    select
        vozilo0_.id as id1_2_,
        vozilo0_.Jacina as Jacina2_2_,
        vozilo0_.Korisnik_JMBG as Korisnik3_2_,
        vozilo0_.Kubikaza as Kubikaza4_2_,
        vozilo0_.ModelVozila as ModelVoz5_2_,
        vozilo0_.osigurano as osiguran6_2_ 
    from
        vozilo vozilo0_ 
    where
        vozilo0_.id=33333
No entity found for query
VoziloService(Preduslov): Ne postoji vozilo sa brojem sasije: 33333
Hibernate: 
    select
        vozilo0_.id as id1_2_,
        vozilo0_.Jacina as Jacina2_2_,
        vozilo0_.Korisnik_JMBG as Korisnik3_2_,
        vozilo0_.Kubikaza as Kubikaza4_2_,
        vozilo0_.ModelVozila as ModelVoz5_2_,
        vozilo0_.osigurano as osiguran6_2_ 
    from
        vozilo vozilo0_ 
    where
        vozilo0_.id=33333
No entity found for query
Hibernate: 
    insert 
    into
        vozilo
        (Jacina, Korisnik_JMBG, Kubikaza, ModelVozila, osigurano, id) 
    values
        (?, ?, ?, ?, ?, ?)
Error while committing the transaction
VoziloService(Test): Ubacivanje vozila sa brojem sasije 33333 u sistem
Hibernate: 
    select
        vozilo0_.id as id1_2_,
        vozilo0_.Jacina as Jacina2_2_,
        vozilo0_.Korisnik_JMBG as Korisnik3_2_,
        vozilo0_.Kubikaza as Kubikaza4_2_,
        vozilo0_.ModelVozila as ModelVoz5_2_,
        vozilo0_.osigurano as osiguran6_2_ 
    from
        vozilo vozilo0_ 
    where
        vozilo0_.id=33333
No entity found for query
</system-out>
    <system-err>Jan 15, 2023 7:30:39 PM org.hibernate.service.jdbc.connections.internal.DriverManagerConnectionProviderImpl configure
INFO: HHH000402: Using Hibernate built-in connection pool (not for production use!)
Jan 15, 2023 7:30:39 PM org.hibernate.service.jdbc.connections.internal.DriverManagerConnectionProviderImpl configure
INFO: HHH000115: Hibernate connection pool size: 20
Jan 15, 2023 7:30:39 PM org.hibernate.service.jdbc.connections.internal.DriverManagerConnectionProviderImpl configure
INFO: HHH000006: Autocommit mode: true
Jan 15, 2023 7:30:39 PM org.hibernate.service.jdbc.connections.internal.DriverManagerConnectionProviderImpl configure
INFO: HHH000401: using driver [com.mysql.jdbc.Driver] at URL [jdbc:mysql://localhost:3307/baza1]
Jan 15, 2023 7:30:39 PM org.hibernate.service.jdbc.connections.internal.DriverManagerConnectionProviderImpl configure
INFO: HHH000046: Connection properties: {user=root, password=****, autocommit=true, release_mode=auto}
Sun Jan 15 19:30:39 CET 2023 WARN: Establishing SSL connection without server&apos;s identity verification is not recommended. According to MySQL 5.5.45+, 5.6.26+ and 5.7.6+ requirements SSL connection must be established by default if explicit option isn&apos;t set. For compliance with existing applications not using SSL the verifyServerCertificate property is set to &apos;false&apos;. You need either to explicitly disable SSL by setting useSSL=false, or set useSSL=true and provide truststore for server certificate verification.
Jan 15, 2023 7:30:39 PM org.hibernate.dialect.Dialect &lt;init&gt;
INFO: HHH000400: Using dialect: org.hibernate.dialect.MySQL5Dialect
Jan 15, 2023 7:30:39 PM org.hibernate.engine.transaction.internal.TransactionFactoryInitiator initiateService
INFO: HHH000268: Transaction strategy: org.hibernate.engine.transaction.internal.jdbc.JdbcTransactionFactory
Jan 15, 2023 7:30:39 PM org.hibernate.hql.internal.ast.ASTQueryTranslatorFactory &lt;init&gt;
INFO: HHH000397: Using ASTQueryTranslatorFactory
Jan 15, 2023 7:30:39 PM org.hibernate.ejb.internal.EntityManagerFactoryRegistry addEntityManagerFactory
WARN: HHH000436: Entity manager factory name (OsiguranjePU) is already registered.  If entity manager will be clustered or passivated, specify a unique value for property &apos;hibernate.ejb.entitymanager_factory_name&apos;
Jan 15, 2023 7:30:39 PM org.hibernate.service.jdbc.connections.internal.DriverManagerConnectionProviderImpl configure
INFO: HHH000402: Using Hibernate built-in connection pool (not for production use!)
Jan 15, 2023 7:30:39 PM org.hibernate.service.jdbc.connections.internal.DriverManagerConnectionProviderImpl configure
INFO: HHH000115: Hibernate connection pool size: 20
Jan 15, 2023 7:30:39 PM org.hibernate.service.jdbc.connections.internal.DriverManagerConnectionProviderImpl configure
INFO: HHH000006: Autocommit mode: true
Jan 15, 2023 7:30:39 PM org.hibernate.service.jdbc.connections.internal.DriverManagerConnectionProviderImpl configure
INFO: HHH000401: using driver [com.mysql.jdbc.Driver] at URL [jdbc:mysql://localhost:3307/baza1]
Jan 15, 2023 7:30:39 PM org.hibernate.service.jdbc.connections.internal.DriverManagerConnectionProviderImpl configure
INFO: HHH000046: Connection properties: {user=root, password=****, autocommit=true, release_mode=auto}
Sun Jan 15 19:30:39 CET 2023 WARN: Establishing SSL connection without server&apos;s identity verification is not recommended. According to MySQL 5.5.45+, 5.6.26+ and 5.7.6+ requirements SSL connection must be established by default if explicit option isn&apos;t set. For compliance with existing applications not using SSL the verifyServerCertificate property is set to &apos;false&apos;. You need either to explicitly disable SSL by setting useSSL=false, or set useSSL=true and provide truststore for server certificate verification.
Jan 15, 2023 7:30:39 PM org.hibernate.dialect.Dialect &lt;init&gt;
INFO: HHH000400: Using dialect: org.hibernate.dialect.MySQL5Dialect
Jan 15, 2023 7:30:39 PM org.hibernate.engine.transaction.internal.TransactionFactoryInitiator initiateService
INFO: HHH000268: Transaction strategy: org.hibernate.engine.transaction.internal.jdbc.JdbcTransactionFactory
Jan 15, 2023 7:30:39 PM org.hibernate.hql.internal.ast.ASTQueryTranslatorFactory &lt;init&gt;
INFO: HHH000397: Using ASTQueryTranslatorFactory
Jan 15, 2023 7:30:39 PM org.hibernate.ejb.internal.EntityManagerFactoryRegistry addEntityManagerFactory
WARN: HHH000436: Entity manager factory name (OsiguranjePU) is already registered.  If entity manager will be clustered or passivated, specify a unique value for property &apos;hibernate.ejb.entitymanager_factory_name&apos;
Jan 15, 2023 7:30:39 PM org.hibernate.service.jdbc.connections.internal.DriverManagerConnectionProviderImpl configure
INFO: HHH000402: Using Hibernate built-in connection pool (not for production use!)
Jan 15, 2023 7:30:39 PM org.hibernate.service.jdbc.connections.internal.DriverManagerConnectionProviderImpl configure
INFO: HHH000115: Hibernate connection pool size: 20
Jan 15, 2023 7:30:39 PM org.hibernate.service.jdbc.connections.internal.DriverManagerConnectionProviderImpl configure
INFO: HHH000006: Autocommit mode: true
Jan 15, 2023 7:30:39 PM org.hibernate.service.jdbc.connections.internal.DriverManagerConnectionProviderImpl configure
INFO: HHH000401: using driver [com.mysql.jdbc.Driver] at URL [jdbc:mysql://localhost:3307/baza1]
Jan 15, 2023 7:30:39 PM org.hibernate.service.jdbc.connections.internal.DriverManagerConnectionProviderImpl configure
INFO: HHH000046: Connection properties: {user=root, password=****, autocommit=true, release_mode=auto}
Sun Jan 15 19:30:40 CET 2023 WARN: Establishing SSL connection without server&apos;s identity verification is not recommended. According to MySQL 5.5.45+, 5.6.26+ and 5.7.6+ requirements SSL connection must be established by default if explicit option isn&apos;t set. For compliance with existing applications not using SSL the verifyServerCertificate property is set to &apos;false&apos;. You need either to explicitly disable SSL by setting useSSL=false, or set useSSL=true and provide truststore for server certificate verification.
Jan 15, 2023 7:30:40 PM org.hibernate.dialect.Dialect &lt;init&gt;
INFO: HHH000400: Using dialect: org.hibernate.dialect.MySQL5Dialect
Jan 15, 2023 7:30:40 PM org.hibernate.engine.transaction.internal.TransactionFactoryInitiator initiateService
INFO: HHH000268: Transaction strategy: org.hibernate.engine.transaction.internal.jdbc.JdbcTransactionFactory
Jan 15, 2023 7:30:40 PM org.hibernate.hql.internal.ast.ASTQueryTranslatorFactory &lt;init&gt;
INFO: HHH000397: Using ASTQueryTranslatorFactory
Jan 15, 2023 7:30:40 PM org.hibernate.ejb.internal.EntityManagerFactoryRegistry addEntityManagerFactory
WARN: HHH000436: Entity manager factory name (OsiguranjePU) is already registered.  If entity manager will be clustered or passivated, specify a unique value for property &apos;hibernate.ejb.entitymanager_factory_name&apos;
Jan 15, 2023 7:30:40 PM org.hibernate.engine.jdbc.spi.SqlExceptionHelper logExceptions
WARN: SQL Error: 1452, SQLState: 23000
Jan 15, 2023 7:30:40 PM org.hibernate.engine.jdbc.spi.SqlExceptionHelper logExceptions
ERROR: Cannot add or update a child row: a foreign key constraint fails (`baza1`.`vozilo`, CONSTRAINT `fk_vozilo_korisnik` FOREIGN KEY (`korisnik_JMBG`) REFERENCES `korisnik` (`JMBG`) ON DELETE NO ACTION ON UPDATE NO ACTION)
</system-err>
  </testcase>
  <testcase classname="KaskoMaven.VoziloServiceTest" name="KaskoMaven.VoziloServiceTest" time="0.164">
    <failure type="java.lang.AssertionError">java.lang.AssertionError
	at org.junit.Assert.fail(Assert.java:86)
	at org.junit.Assert.assertTrue(Assert.java:41)
	at org.junit.Assert.assertTrue(Assert.java:52)
	at KaskoMaven.VoziloServiceTest.okoncavanje(VoziloServiceTest.java:45)
	at sun.reflect.NativeMethodAccessorImpl.invoke0(Native Method)
	at sun.reflect.NativeMethodAccessorImpl.invoke(NativeMethodAccessorImpl.java:62)
	at sun.reflect.DelegatingMethodAccessorImpl.invoke(DelegatingMethodAccessorImpl.java:43)
	at java.lang.reflect.Method.invoke(Method.java:498)
	at org.junit.runners.model.FrameworkMethod$1.runReflectiveCall(FrameworkMethod.java:47)
	at org.junit.internal.runners.model.ReflectiveCallable.run(ReflectiveCallable.java:12)
	at org.junit.runners.model.FrameworkMethod.invokeExplosively(FrameworkMethod.java:44)
	at org.junit.internal.runners.statements.RunAfters.evaluate(RunAfters.java:33)
	at org.junit.runners.ParentRunner.run(ParentRunner.java:309)
	at org.apache.maven.surefire.junit4.JUnit4Provider.execute(JUnit4Provider.java:252)
	at org.apache.maven.surefire.junit4.JUnit4Provider.executeTestSet(JUnit4Provider.java:141)
	at org.apache.maven.surefire.junit4.JUnit4Provider.invoke(JUnit4Provider.java:112)
	at sun.reflect.NativeMethodAccessorImpl.invoke0(Native Method)
	at sun.reflect.NativeMethodAccessorImpl.invoke(NativeMethodAccessorImpl.java:62)
	at sun.reflect.DelegatingMethodAccessorImpl.invoke(DelegatingMethodAccessorImpl.java:43)
	at java.lang.reflect.Method.invoke(Method.java:498)
	at org.apache.maven.surefire.util.ReflectionUtils.invokeMethodWithArray(ReflectionUtils.java:189)
	at org.apache.maven.surefire.booter.ProviderFactory$ProviderProxy.invoke(ProviderFactory.java:165)
	at org.apache.maven.surefire.booter.ProviderFactory.invokeProvider(ProviderFactory.java:85)
	at org.apache.maven.surefire.booter.ForkedBooter.runSuitesInProcess(ForkedBooter.java:115)
	at org.apache.maven.surefire.booter.ForkedBooter.main(ForkedBooter.java:75)
</failure>
    <system-out>Hibernate: 
    select
        vozilo0_.id as id1_2_,
        vozilo0_.Jacina as Jacina2_2_,
        vozilo0_.Korisnik_JMBG as Korisnik3_2_,
        vozilo0_.Kubikaza as Kubikaza4_2_,
        vozilo0_.ModelVozila as ModelVoz5_2_,
        vozilo0_.osigurano as osiguran6_2_ 
    from
        vozilo vozilo0_ 
    where
        vozilo0_.id=33333
No entity found for query
</system-out>
  </testcase>
</testsuite>